

Started GET "/assets/rails.png" for 127.0.0.1 at 2012-11-04 20:31:51 +0100
Connecting to database specified by database.yml
Served asset /rails.png - 200 OK (4ms)


Started GET "/" for 127.0.0.1 at 2012-11-04 20:40:38 +0100
Connecting to database specified by database.yml
Processing by HomeController#index as HTML
  Rendered home/index.html.haml within layouts/application (1.1ms)
Compiled home.css  (77ms)  (pid 5616)
Compiled application.css  (86ms)  (pid 5616)
Compiled jquery.js  (6ms)  (pid 5616)
Compiled jquery_ujs.js  (0ms)  (pid 5616)
Compiled home.js  (92ms)  (pid 5616)
Compiled application.js  (165ms)  (pid 5616)
Completed 200 OK in 367ms (Views: 366.9ms | ActiveRecord: 0.0ms)


Started GET "/assets/application.css?body=1" for 127.0.0.1 at 2012-11-04 20:40:39 +0100
Served asset /application.css - 304 Not Modified (18ms)


Started GET "/assets/jquery.js?body=1" for 127.0.0.1 at 2012-11-04 20:40:39 +0100
Served asset /jquery.js - 304 Not Modified (4ms)


Started GET "/assets/home.js?body=1" for 127.0.0.1 at 2012-11-04 20:40:39 +0100
Served asset /home.js - 304 Not Modified (2ms)


Started GET "/assets/home.css?body=1" for 127.0.0.1 at 2012-11-04 20:40:39 +0100
Served asset /home.css - 304 Not Modified (2ms)


Started GET "/assets/jquery_ujs.js?body=1" for 127.0.0.1 at 2012-11-04 20:40:39 +0100
Served asset /jquery_ujs.js - 304 Not Modified (1ms)


Started GET "/assets/application.js?body=1" for 127.0.0.1 at 2012-11-04 20:40:39 +0100
Served asset /application.js - 200 OK (8ms)
Connecting to database specified by database.yml
  [1m[36m (0.2ms)[0m  [1mselect sqlite_version(*)[0m
  [1m[35m (176.0ms)[0m  CREATE TABLE "schema_migrations" ("version" varchar(255) NOT NULL) 
  [1m[36m (0.1ms)[0m  [1mPRAGMA index_list("schema_migrations")[0m
  [1m[35m (167.0ms)[0m  CREATE UNIQUE INDEX "unique_schema_migrations" ON "schema_migrations" ("version")
  [1m[36m (0.2ms)[0m  [1mselect sqlite_version(*)[0m
  [1m[35m (0.1ms)[0m  SELECT "schema_migrations"."version" FROM "schema_migrations" 
